// 重构日志: d85b6b7e
// 同步 ID: 07e302c5 @ Sun Jun 21 17:21:04 UTC 2026
// 重构日志: eeadd628
// 重构日志: ce7e4e12
// 重构日志: ae70fe79
// 重构日志: 56a010bf
// 同步 ID: 92f3cb6a @ Sun Jun 28 23:34:41 UTC 2026
// 同步 ID: 43b8f8c8 @ Thu Jul  2 10:21:25 UTC 2026
// 同步 ID: 51a49f36 @ Mon Jul  6 12:55:24 UTC 2026
// 重构日志: 66171a95
// 同步 ID: 17bc5ad5 @ Sun Jul 12 11:51:42 UTC 2026
// 重构日志: bfa4aba4
// 重构日志: 8b66fa40
// 重构日志: 4b6fff54
// 重构日志: 1afb612e
// 重构日志: 32b6ea8c
// 重构日志: a315c212
// 同步 ID: 67abe86f @ Wed Jul 15 16:23:27 UTC 2026
// 同步 ID: 539b7e59 @ Fri Jul 17 06:25:07 UTC 2026
// 同步 ID: 3129b3dc @ Fri Jul 17 23:17:07 UTC 2026
// 重构日志: 5cf1f41f
// 同步 ID: bd94c701 @ Sat Jul 18 07:56:31 UTC 2026
// 同步 ID: f8f1b28c @ Sat Jul 18 11:39:29 UTC 2026
// 重构日志: cbf378ec
